<?xml version="1.0" encoding="UTF-8"?>
<testsuite name="kr.hhplus.be.server.domain.coupon.CouponTest" tests="3" skipped="0" failures="3" errors="0" timestamp="2025-04-10T18:54:28" hostname="yeomseogcheon-ui-MacBookPro.local" time="0.255">
  <properties/>
  <testcase name="쿠폰 발급 시 유효한 쿠폰이면 발급에 성공한다." classname="kr.hhplus.be.server.domain.coupon.CouponTest" time="0.239">
    <failure message="org.opentest4j.AssertionFailedError: expected: not &lt;null&gt;" type="org.opentest4j.AssertionFailedError">org.opentest4j.AssertionFailedError: expected: not &lt;null&gt;
	at app//org.junit.jupiter.api.AssertionFailureBuilder.build(AssertionFailureBuilder.java:152)
	at app//org.junit.jupiter.api.AssertionFailureBuilder.buildAndThrow(AssertionFailureBuilder.java:132)
	at app//org.junit.jupiter.api.AssertNotNull.failNull(AssertNotNull.java:49)
	at app//org.junit.jupiter.api.AssertNotNull.assertNotNull(AssertNotNull.java:35)
	at app//org.junit.jupiter.api.AssertNotNull.assertNotNull(AssertNotNull.java:30)
	at app//org.junit.jupiter.api.Assertions.assertNotNull(Assertions.java:304)
	at app//kr.hhplus.be.server.domain.coupon.CouponTest.testCouponIssueWithValidCoupon(CouponTest.java:63)
	at java.base@17.0.11/java.lang.reflect.Method.invoke(Method.java:568)
	at java.base@17.0.11/java.util.ArrayList.forEach(ArrayList.java:1511)
	at java.base@17.0.11/java.util.ArrayList.forEach(ArrayList.java:1511)
</failure>
  </testcase>
  <testcase name="쿠폰 발급 시 만료일이 지났으면 발급에 실패하며 ExpiredCouponError를 던진다." classname="kr.hhplus.be.server.domain.coupon.CouponTest" time="0.008">
    <failure message="org.opentest4j.AssertionFailedError: Expected kr.hhplus.be.server.domain.coupon.error.ExpiredCouponError to be thrown, but nothing was thrown." type="org.opentest4j.AssertionFailedError">org.opentest4j.AssertionFailedError: Expected kr.hhplus.be.server.domain.coupon.error.ExpiredCouponError to be thrown, but nothing was thrown.
	at app//org.junit.jupiter.api.AssertionFailureBuilder.build(AssertionFailureBuilder.java:152)
	at app//org.junit.jupiter.api.AssertThrows.assertThrows(AssertThrows.java:73)
	at app//org.junit.jupiter.api.AssertThrows.assertThrows(AssertThrows.java:35)
	at app//org.junit.jupiter.api.Assertions.assertThrows(Assertions.java:3128)
	at app//kr.hhplus.be.server.domain.coupon.CouponTest.testCouponIssueWithExpiredDate(CouponTest.java:25)
	at java.base@17.0.11/java.lang.reflect.Method.invoke(Method.java:568)
	at java.base@17.0.11/java.util.ArrayList.forEach(ArrayList.java:1511)
	at java.base@17.0.11/java.util.ArrayList.forEach(ArrayList.java:1511)
</failure>
  </testcase>
  <testcase name="쿠폰 발급 시 쿠폰 재고가 없으면 발급에 실패하며 OutOfStockCouponError를 던진다." classname="kr.hhplus.be.server.domain.coupon.CouponTest" time="0.006">
    <failure message="org.opentest4j.AssertionFailedError: Expected kr.hhplus.be.server.domain.coupon.error.OutOfStockCouponError to be thrown, but nothing was thrown." type="org.opentest4j.AssertionFailedError">org.opentest4j.AssertionFailedError: Expected kr.hhplus.be.server.domain.coupon.error.OutOfStockCouponError to be thrown, but nothing was thrown.
	at app//org.junit.jupiter.api.AssertionFailureBuilder.build(AssertionFailureBuilder.java:152)
	at app//org.junit.jupiter.api.AssertThrows.assertThrows(AssertThrows.java:73)
	at app//org.junit.jupiter.api.AssertThrows.assertThrows(AssertThrows.java:35)
	at app//org.junit.jupiter.api.Assertions.assertThrows(Assertions.java:3128)
	at app//kr.hhplus.be.server.domain.coupon.CouponTest.testCouponIssueWithOutOfStock(CouponTest.java:42)
	at java.base@17.0.11/java.lang.reflect.Method.invoke(Method.java:568)
	at java.base@17.0.11/java.util.ArrayList.forEach(ArrayList.java:1511)
	at java.base@17.0.11/java.util.ArrayList.forEach(ArrayList.java:1511)
</failure>
  </testcase>
  <system-out><![CDATA[]]></system-out>
  <system-err><![CDATA[]]></system-err>
</testsuite>
