<?xml version="1.0" encoding="UTF-8"?>
<testsuite name="kr.hhplus.be.server.domain.coupon.UserCouponTest" tests="5" skipped="0" failures="4" errors="0" timestamp="2025-04-10T18:45:32" hostname="yeomseogcheon-ui-MacBookPro.local" time="0.7">
  <properties/>
  <testcase name="UserCoupon 생성 시, 사용자 ID와 Coupon 객체를 전달하여 미사용 상태로 생성한다." classname="kr.hhplus.be.server.domain.coupon.UserCouponTest" time="0.606"/>
  <testcase name="쿠폰 사용 시, 만료일이 지났으면 사용에 실패한다." classname="kr.hhplus.be.server.domain.coupon.UserCouponTest" time="0.045">
    <failure message="org.opentest4j.AssertionFailedError: Expected kr.hhplus.be.server.domain.coupon.error.ExpiredCouponError to be thrown, but nothing was thrown." type="org.opentest4j.AssertionFailedError">org.opentest4j.AssertionFailedError: Expected kr.hhplus.be.server.domain.coupon.error.ExpiredCouponError to be thrown, but nothing was thrown.
	at app//org.junit.jupiter.api.AssertionFailureBuilder.build(AssertionFailureBuilder.java:152)
	at app//org.junit.jupiter.api.AssertThrows.assertThrows(AssertThrows.java:73)
	at app//org.junit.jupiter.api.AssertThrows.assertThrows(AssertThrows.java:35)
	at app//org.junit.jupiter.api.Assertions.assertThrows(Assertions.java:3128)
	at app//kr.hhplus.be.server.domain.coupon.UserCouponTest.useExpiredCoupon(UserCouponTest.java:78)
	at java.base@17.0.11/java.lang.reflect.Method.invoke(Method.java:568)
	at java.base@17.0.11/java.util.ArrayList.forEach(ArrayList.java:1511)
	at java.base@17.0.11/java.util.ArrayList.forEach(ArrayList.java:1511)
</failure>
  </testcase>
  <testcase name="쿠폰 초기화 시, 사용 상태가 false로 초기화된다." classname="kr.hhplus.be.server.domain.coupon.UserCouponTest" time="0.013">
    <failure message="org.opentest4j.AssertionFailedError: expected: &lt;false&gt; but was: &lt;true&gt;" type="org.opentest4j.AssertionFailedError">org.opentest4j.AssertionFailedError: expected: &lt;false&gt; but was: &lt;true&gt;
	at app//org.junit.jupiter.api.AssertionFailureBuilder.build(AssertionFailureBuilder.java:151)
	at app//org.junit.jupiter.api.AssertionFailureBuilder.buildAndThrow(AssertionFailureBuilder.java:132)
	at app//org.junit.jupiter.api.AssertFalse.failNotFalse(AssertFalse.java:63)
	at app//org.junit.jupiter.api.AssertFalse.assertFalse(AssertFalse.java:36)
	at app//org.junit.jupiter.api.AssertFalse.assertFalse(AssertFalse.java:31)
	at app//org.junit.jupiter.api.Assertions.assertFalse(Assertions.java:231)
	at app//kr.hhplus.be.server.domain.coupon.UserCouponTest.initCoupon(UserCouponTest.java:96)
	at java.base@17.0.11/java.lang.reflect.Method.invoke(Method.java:568)
	at java.base@17.0.11/java.util.ArrayList.forEach(ArrayList.java:1511)
	at java.base@17.0.11/java.util.ArrayList.forEach(ArrayList.java:1511)
</failure>
  </testcase>
  <testcase name="쿠폰 사용 시, 이미 사용된 쿠폰이면 사용에 실패한다." classname="kr.hhplus.be.server.domain.coupon.UserCouponTest" time="0.012">
    <failure message="org.opentest4j.AssertionFailedError: Expected kr.hhplus.be.server.domain.coupon.error.AlreadyUsedCouponError to be thrown, but nothing was thrown." type="org.opentest4j.AssertionFailedError">org.opentest4j.AssertionFailedError: Expected kr.hhplus.be.server.domain.coupon.error.AlreadyUsedCouponError to be thrown, but nothing was thrown.
	at app//org.junit.jupiter.api.AssertionFailureBuilder.build(AssertionFailureBuilder.java:152)
	at app//org.junit.jupiter.api.AssertThrows.assertThrows(AssertThrows.java:73)
	at app//org.junit.jupiter.api.AssertThrows.assertThrows(AssertThrows.java:35)
	at app//org.junit.jupiter.api.Assertions.assertThrows(Assertions.java:3128)
	at app//kr.hhplus.be.server.domain.coupon.UserCouponTest.useAlreadyUsedCoupon(UserCouponTest.java:62)
	at java.base@17.0.11/java.lang.reflect.Method.invoke(Method.java:568)
	at java.base@17.0.11/java.util.ArrayList.forEach(ArrayList.java:1511)
	at java.base@17.0.11/java.util.ArrayList.forEach(ArrayList.java:1511)
</failure>
  </testcase>
  <testcase name="쿠폰 사용 시, 유효한 쿠폰이면 사용에 성공하고 사용 상태로 변경된다." classname="kr.hhplus.be.server.domain.coupon.UserCouponTest" time="0.007">
    <failure message="org.opentest4j.AssertionFailedError: expected: &lt;true&gt; but was: &lt;false&gt;" type="org.opentest4j.AssertionFailedError">org.opentest4j.AssertionFailedError: expected: &lt;true&gt; but was: &lt;false&gt;
	at app//org.junit.jupiter.api.AssertionFailureBuilder.build(AssertionFailureBuilder.java:151)
	at app//org.junit.jupiter.api.AssertionFailureBuilder.buildAndThrow(AssertionFailureBuilder.java:132)
	at app//org.junit.jupiter.api.AssertTrue.failNotTrue(AssertTrue.java:63)
	at app//org.junit.jupiter.api.AssertTrue.assertTrue(AssertTrue.java:36)
	at app//org.junit.jupiter.api.AssertTrue.assertTrue(AssertTrue.java:31)
	at app//org.junit.jupiter.api.Assertions.assertTrue(Assertions.java:183)
	at app//kr.hhplus.be.server.domain.coupon.UserCouponTest.useValidCoupon(UserCouponTest.java:46)
	at java.base@17.0.11/java.lang.reflect.Method.invoke(Method.java:568)
	at java.base@17.0.11/java.util.ArrayList.forEach(ArrayList.java:1511)
	at java.base@17.0.11/java.util.ArrayList.forEach(ArrayList.java:1511)
</failure>
  </testcase>
  <system-out><![CDATA[]]></system-out>
  <system-err><![CDATA[]]></system-err>
</testsuite>
